<?xml version="1.0" encoding="UTF-8"?>
<testng-results ignored="0" total="0" passed="0" failed="0" skipped="0">
  <reporter-output>
  </reporter-output>
  <suite started-at="2023-03-11T08:29:59Z" name="Tests.BaseTest" finished-at="2023-03-11T08:29:59Z" duration-ms="4">
    <groups>
    </groups>
    <test started-at="2023-03-11T08:29:59Z" name="Command line test" finished-at="2023-03-11T08:29:59Z" duration-ms="4">
    </test> <!-- Command line test -->
  </suite> <!-- Tests.BaseTest -->
</testng-results>
